<?xml version="1.0" encoding="UTF-8" ?>
<testsuite tests="4" failures="0" name="trueaccord.DebtsClientTest" time="5.874" errors="0" skipped="0">
  <properties>
    <property name="java.runtime.name" value="OpenJDK Runtime Environment"/>
    <property name="sun.boot.library.path" value="D:\Java\zulu8.33.0.1-jdk8.0.192-win_i686\jre\bin"/>
    <property name="java.vm.version" value="25.192-b01"/>
    <property name="java.vm.vendor" value="Azul Systems, Inc."/>
    <property name="maven.multiModuleProjectDirectory" value="D:\Workspace\eclipse_workspace\JNI_Test\trueaccord"/>
    <property name="java.vendor.url" value="http://www.azulsystems.com/"/>
    <property name="path.separator" value=";"/>
    <property name="guice.disable.misplaced.annotation.check" value="true"/>
    <property name="java.vm.name" value="OpenJDK Client VM"/>
    <property name="file.encoding.pkg" value="sun.io"/>
    <property name="user.script" value=""/>
    <property name="user.country" value="US"/>
    <property name="sun.java.launcher" value="SUN_STANDARD"/>
    <property name="sun.os.patch.level" value=""/>
    <property name="java.vm.specification.name" value="Java Virtual Machine Specification"/>
    <property name="user.dir" value="D:\Workspace\eclipse_workspace\JNI_Test\trueaccord"/>
    <property name="java.runtime.version" value="1.8.0_192-b01"/>
    <property name="java.awt.graphicsenv" value="sun.awt.Win32GraphicsEnvironment"/>
    <property name="java.endorsed.dirs" value="D:\Java\zulu8.33.0.1-jdk8.0.192-win_i686\jre\lib\endorsed"/>
    <property name="os.arch" value="x86"/>
    <property name="java.io.tmpdir" value="C:\Users\hkang\AppData\Local\Temp\"/>
    <property name="line.separator" value="
"/>
    <property name="java.vm.specification.vendor" value="Oracle Corporation"/>
    <property name="user.variant" value=""/>
    <property name="os.name" value="Windows 10"/>
    <property name="classworlds.conf" value="D:\Workspace\eclipse_workspace\JNI_Test\.metadata\.plugins\org.eclipse.m2e.launching\launches\m2conf9056152738404710171.tmp"/>
    <property name="sun.jnu.encoding" value="Cp1252"/>
    <property name="java.library.path" value="D:\Java\zulu8.33.0.1-jdk8.0.192-win_i686\jre\bin;C:\WINDOWS\Sun\Java\bin;C:\WINDOWS\system32;C:\WINDOWS;C:\Program Files (x86)\Common Files\Oracle\Java\javapath;C:\Program Files (x86)\Intel\iCLS Client\;C:\Program Files\Intel\iCLS Client\;C:\WINDOWS\system32;C:\WINDOWS;C:\WINDOWS\System32\Wbem;C:\WINDOWS\System32\WindowsPowerShell\v1.0\;C:\Program Files (x86)\Intel\Intel(R) Management Engine Components\DAL;C:\Program Files\Intel\Intel(R) Management Engine Components\DAL;C:\Program Files (x86)\Intel\Intel(R) Management Engine Components\IPT;C:\Program Files\Intel\Intel(R) Management Engine Components\IPT;C:\WINDOWS\System32\OpenSSH\;C:\Program Files\AccuRevClient\bin;C:\Program Files\AccuRevClient\git-client;C:\Program Files\Intel\WiFi\bin\;C:\Program Files\Common Files\Intel\WirelessCommon\;D:\POS\bin;D:\POS\dll;D:\POS\JavaPOS\Lib;C:\Program Files\nodejs\;C:\Android\Gradle\gradle-6.6.1\bin;C:\Program Files\Git\cmd;C:\Program Files\Docker\Docker\resources\bin;C:\ProgramData\DockerDesktop\version-bin;C:\Users\hkang\AppData\Local\Microsoft\WindowsApps;C:\Program Files\Bandizip\;C:\Users\hkang\AppData\Local\Programs\Microsoft VS Code\bin;D:\Java\apache-ant-1.9.13\bin;C:\Users\hkang\AppData\Local\Android\Sdk\tools;D:\Broker\extn;D:\POS\JavaPOS\rxtx;C:\Users\hkang\AppData\Roaming\npm;C:\Users\hkang\AppData\Local\Android\Sdk\tools\bin;C:\Users\hkang\AppData\Local\Android\Sdk\platform-tools;C:\Program Files\Docker\Docker\resources\bin;D:\Java\apache-maven-3.3.9\bin;C:\Users\hkang\AppData\Local\GitHubDesktop\bin;C:\Program Files\MongoDB\Server\4.4\bin;;."/>
    <property name="java.specification.name" value="Java Platform API Specification"/>
    <property name="java.class.version" value="52.0"/>
    <property name="sun.management.compiler" value="HotSpot Client Compiler"/>
    <property name="os.version" value="10.0"/>
    <property name="user.home" value="C:\Users\hkang"/>
    <property name="user.timezone" value="America/New_York"/>
    <property name="java.awt.printerjob" value="sun.awt.windows.WPrinterJob"/>
    <property name="java.specification.version" value="1.8"/>
    <property name="file.encoding" value="UTF-8"/>
    <property name="user.name" value="hkang"/>
    <property name="java.class.path" value="/D:/Java/eclipse-Neon/plugins/org.eclipse.m2e.maven.runtime_1.6.2.20150902-0001/jars/plexus-classworlds-2.5.2.jar"/>
    <property name="java.vm.specification.version" value="1.8"/>
    <property name="sun.arch.data.model" value="32"/>
    <property name="java.home" value="D:\Java\zulu8.33.0.1-jdk8.0.192-win_i686\jre"/>
    <property name="sun.java.command" value="org.codehaus.plexus.classworlds.launcher.Launcher -B install"/>
    <property name="java.specification.vendor" value="Oracle Corporation"/>
    <property name="user.language" value="en"/>
    <property name="awt.toolkit" value="sun.awt.windows.WToolkit"/>
    <property name="java.vm.info" value="mixed mode"/>
    <property name="java.version" value="1.8.0_192"/>
    <property name="java.ext.dirs" value="D:\Java\zulu8.33.0.1-jdk8.0.192-win_i686\jre\lib\ext;C:\WINDOWS\Sun\Java\lib\ext"/>
    <property name="sun.boot.class.path" value="D:\Java\zulu8.33.0.1-jdk8.0.192-win_i686\jre\lib\resources.jar;D:\Java\zulu8.33.0.1-jdk8.0.192-win_i686\jre\lib\rt.jar;D:\Java\zulu8.33.0.1-jdk8.0.192-win_i686\jre\lib\sunrsasign.jar;D:\Java\zulu8.33.0.1-jdk8.0.192-win_i686\jre\lib\jsse.jar;D:\Java\zulu8.33.0.1-jdk8.0.192-win_i686\jre\lib\jce.jar;D:\Java\zulu8.33.0.1-jdk8.0.192-win_i686\jre\lib\charsets.jar;D:\Java\zulu8.33.0.1-jdk8.0.192-win_i686\jre\lib\jfr.jar;D:\Java\zulu8.33.0.1-jdk8.0.192-win_i686\jre\classes"/>
    <property name="java.vendor" value="Azul Systems, Inc."/>
    <property name="maven.home" value="D:\Workspace\eclipse_workspace\JNI_Test\trueaccord\EMBEDDED"/>
    <property name="file.separator" value="\"/>
    <property name="java.vendor.url.bug" value="http://www.azulsystems.com/support/"/>
    <property name="sun.cpu.endian" value="little"/>
    <property name="sun.io.unicode.encoding" value="UnicodeLittle"/>
    <property name="sun.desktop" value="windows"/>
    <property name="sun.cpu.isalist" value="pentium_pro+mmx pentium_pro pentium+mmx pentium i486 i386 i86"/>
  </properties>
  <testcase classname="trueaccord.DebtsClientTest" name="testGetPayments" time="1.635"/>
  <testcase classname="trueaccord.DebtsClientTest" name="testCalcNextPaymentDate" time="1.325"/>
  <testcase classname="trueaccord.DebtsClientTest" name="testGetAllDebtData" time="1.442"/>
  <testcase classname="trueaccord.DebtsClientTest" name="testGetPaymentPlans" time="1.472"/>
</testsuite>